<?xml version="1.0" encoding="UTF-8"?>
<!-- Generated by org.testng.reporters.JUnitReportReporter -->
<testsuite hostname="Sid-PC" failures="0" tests="1" name="tests.GTPLBankLoginTest" time="11.874" errors="0" timestamp="2024-05-21T21:45:50 IST" skipped="0">
  <testcase classname="tests.GTPLBankLoginTest" name="loginTest" time="11.874"/>
</testsuite> <!-- tests.GTPLBankLoginTest -->
