<?xml version="1.0" encoding="UTF-8"?>
<!-- Generated by org.testng.reporters.JUnitReportReporter -->
<testsuite hostname="DEV-NANO1" failures="0" tests="2" name="tests.GTPLBankLoginTest" time="28.432" errors="0" timestamp="2024-05-23T19:17:11 GST" skipped="0">
  <testcase classname="tests.GTPLBankLoginTest" name="loginTest" time="13.769"/>
  <system-out/>
  <testcase classname="tests.GTPLBankLoginTest" name="newCustomerTest" time="14.663"/>
  <system-out/>
</testsuite> <!-- tests.GTPLBankLoginTest -->
