<?xml version="1.0" encoding="UTF-8"?>
<!-- Generated by org.testng.reporters.JUnitReportReporter -->
<testsuite hostname="DEV-NANO1" failures="0" tests="2" name="tests.GTPLBankLoginTest" time="24.174" errors="0" timestamp="2024-05-25T09:58:34 GST" skipped="0">
  <testcase classname="tests.GTPLBankLoginTest" name="loginTest" time="12.169"/>
  <system-out/>
  <testcase classname="tests.GTPLBankLoginTest" name="newCustomerTest" time="12.005"/>
  <system-out/>
</testsuite> <!-- tests.GTPLBankLoginTest -->
