<?xml version="1.0" encoding="UTF-8"?>
<!-- Generated by org.testng.reporters.JUnitReportReporter -->
<testsuite hostname="Sid-PC" failures="0" tests="4" name="tests.GoogleSearchTest" time="42.992" errors="0" timestamp="2024-05-16T21:42:50 IST" skipped="0">
  <testcase classname="tests.GoogleSearchTest" name="googleSearchTestPositve" time="10.342"/>
  <testcase classname="tests.GoogleSearchTest" name="googleSearchTestPositve" time="10.002"/>
  <testcase classname="tests.GoogleSearchTest" name="googleSearchTestPositve" time="11.167"/>
  <testcase classname="tests.GoogleSearchTest" name="googleSearchTestPositve" time="11.481"/>
</testsuite> <!-- tests.GoogleSearchTest -->
