<?xml version="1.0" encoding="UTF-8"?>
<!-- Generated by org.testng.reporters.JUnitReportReporter -->
<testsuite hostname="Sid-PC" failures="0" tests="1" name="tests.GoogleSearchTest" time="0.007" errors="0" timestamp="2024-05-14T22:10:54 IST" skipped="0">
  <testcase classname="tests.GoogleSearchTest" name="googleSearchTestPositve" time="0.007"/>
</testsuite> <!-- tests.GoogleSearchTest -->
